<?xml version="1.0" encoding="UTF-8"?>
<!-- Generated by org.testng.reporters.JUnitXMLReporter -->
<testsuite ignored="0" hostname="DESKTOP-8313LRD" failures="1" tests="1" name="Test" time="2.425" errors="0" timestamp="2020-08-06T05:24:15 PDT">
  <testcase classname="com.actittime.timetrack.Demo" name="Run" time="2.348">
    <failure type="org.openqa.selenium.SessionNotCreatedException" message="session not created: This version of ChromeDriver only supports Chrome version 80
Build info: version: &amp;apos;3.141.59&amp;apos;, revision: &amp;apos;e82be7d358&amp;apos;, time: &amp;apos;2018-11-14T08:17:03&amp;apos;
System info: host: &amp;apos;DESKTOP-8313LRD&amp;apos;, ip: &amp;apos;192.168.1.130&amp;apos;, os.name: &amp;apos;Windows 10&amp;apos;, os.arch: &amp;apos;amd64&amp;apos;, os.version: &amp;apos;10.0&amp;apos;, java.version: &amp;apos;14.0.1&amp;apos;
Driver info: driver.version: ChromeDriver
remote stacktrace: Backtrace:
	Ordinal0 [0x001B0C83+1707139]
	Ordinal0 [0x001168F1+1075441]
	Ordinal0 [0x0008DFC9+516041]
	Ordinal0 [0x00020554+66900]
	Ordinal0 [0x0001CCE2+52450]
	Ordinal0 [0x0003BFD7+180183]
	Ordinal0 [0x0003BDDD+179677]
	Ordinal0 [0x00039D4B+171339]
	Ordinal0 [0x00021D4A+73034]
	Ordinal0 [0x00022DC0+77248]
	Ordinal0 [0x00022D59+77145]
	Ordinal0 [0x0012BB67+1162087]
	GetHandleVerifier [0x0024A966+508998]
	GetHandleVerifier [0x0024A6A4+508292]
	GetHandleVerifier [0x0025F7B7+594583]
	GetHandleVerifier [0x0024B1D6+511158]
	Ordinal0 [0x0012402C+1130540]
	Ordinal0 [0x0012D4CB+1168587]
	Ordinal0 [0x0012D633+1168947]
	Ordinal0 [0x00145B35+1268533]
	BaseThreadInitThunk [0x760B6359+25]
	RtlGetAppContainerNamedObjectPath [0x77D67C24+228]
	RtlGetAppContainerNamedObjectPath [0x77D67BF4+180]
	(No symbol) [0x00000000]
">
      <![CDATA[org.openqa.selenium.SessionNotCreatedException: session not created: This version of ChromeDriver only supports Chrome version 80
Build info: version: '3.141.59', revision: 'e82be7d358', time: '2018-11-14T08:17:03'
System info: host: 'DESKTOP-8313LRD', ip: '192.168.1.130', os.name: 'Windows 10', os.arch: 'amd64', os.version: '10.0', java.version: '14.0.1'
Driver info: driver.version: ChromeDriver
remote stacktrace: Backtrace:
Ordinal0 [0x001B0C83+1707139]
Ordinal0 [0x001168F1+1075441]
Ordinal0 [0x0008DFC9+516041]
Ordinal0 [0x00020554+66900]
Ordinal0 [0x0001CCE2+52450]
Ordinal0 [0x0003BFD7+180183]
Ordinal0 [0x0003BDDD+179677]
Ordinal0 [0x00039D4B+171339]
Ordinal0 [0x00021D4A+73034]
Ordinal0 [0x00022DC0+77248]
Ordinal0 [0x00022D59+77145]
Ordinal0 [0x0012BB67+1162087]
GetHandleVerifier [0x0024A966+508998]
GetHandleVerifier [0x0024A6A4+508292]
GetHandleVerifier [0x0025F7B7+594583]
GetHandleVerifier [0x0024B1D6+511158]
Ordinal0 [0x0012402C+1130540]
Ordinal0 [0x0012D4CB+1168587]
Ordinal0 [0x0012D633+1168947]
Ordinal0 [0x00145B35+1268533]
BaseThreadInitThunk [0x760B6359+25]
RtlGetAppContainerNamedObjectPath [0x77D67C24+228]
RtlGetAppContainerNamedObjectPath [0x77D67BF4+180]
(No symbol) [0x00000000]

at org.openqa.selenium.remote.W3CHandshakeResponse.lambda$errorHandler$0(W3CHandshakeResponse.java:62)
at org.openqa.selenium.remote.HandshakeResponse.lambda$getResponseFunction$0(HandshakeResponse.java:30)
at org.openqa.selenium.remote.ProtocolHandshake.lambda$createSession$0(ProtocolHandshake.java:126)
at java.base/java.util.stream.ReferencePipeline$3$1.accept(ReferencePipeline.java:195)
at java.base/java.util.Spliterators$ArraySpliterator.tryAdvance(Spliterators.java:958)
at java.base/java.util.stream.ReferencePipeline.forEachWithCancel(ReferencePipeline.java:127)
at java.base/java.util.stream.AbstractPipeline.copyIntoWithCancel(AbstractPipeline.java:502)
at java.base/java.util.stream.AbstractPipeline.copyInto(AbstractPipeline.java:488)
at java.base/java.util.stream.AbstractPipeline.wrapAndCopyInto(AbstractPipeline.java:474)
at java.base/java.util.stream.FindOps$FindOp.evaluateSequential(FindOps.java:150)
at java.base/java.util.stream.AbstractPipeline.evaluate(AbstractPipeline.java:234)
at java.base/java.util.stream.ReferencePipeline.findFirst(ReferencePipeline.java:543)
at org.openqa.selenium.remote.ProtocolHandshake.createSession(ProtocolHandshake.java:128)
at org.openqa.selenium.remote.ProtocolHandshake.createSession(ProtocolHandshake.java:74)
at org.openqa.selenium.remote.HttpCommandExecutor.execute(HttpCommandExecutor.java:136)
at org.openqa.selenium.remote.service.DriverCommandExecutor.execute(DriverCommandExecutor.java:83)
at org.openqa.selenium.remote.RemoteWebDriver.execute(RemoteWebDriver.java:552)
at org.openqa.selenium.remote.RemoteWebDriver.startSession(RemoteWebDriver.java:213)
at org.openqa.selenium.remote.RemoteWebDriver.<init>(RemoteWebDriver.java:131)
at org.openqa.selenium.chrome.ChromeDriver.<init>(ChromeDriver.java:181)
at org.openqa.selenium.chrome.ChromeDriver.<init>(ChromeDriver.java:168)
at org.openqa.selenium.chrome.ChromeDriver.<init>(ChromeDriver.java:123)
at com.actittime.timetrack.Demo.Run(Demo.java:13)
at java.base/java.util.ArrayList.forEach(ArrayList.java:1510)
... Removed 32 stack frames]]>
    </failure>
  </testcase> <!-- Run -->
</testsuite> <!-- Test -->
